0 info it worked if it ends with ok
1 verbose cli [ 'D:\\Path\\nodejs\\node.exe',
1 verbose cli   'C:\\Users\\FE\\AppData\\Roaming\\npm\\node_modules\\cnpm\\node_modules\\npm\\bin\\npm-cli.js',
1 verbose cli   '--userconfig=C:\\Users\\FE\\.cnpmrc',
1 verbose cli   '--disturl=https://npm.taobao.org/mirrors/node',
1 verbose cli   '--cache=C:\\Users\\FE\\.cnpm',
1 verbose cli   '--registry=https://registry.npm.taobao.org',
1 verbose cli   '--node-gyp=C:\\Users\\FE\\AppData\\Roaming\\npm\\node_modules\\cnpm\\node_modules\\node-gyp\\bin\\node-gyp.js',
1 verbose cli   'install' ]
2 info using npm@2.14.22
3 info using node@v5.7.1
4 verbose readDependencies loading dependencies from D:\Study\cordova\carryfly\www\package.json
5 error install Couldn't read dependencies
6 verbose stack Error: ENOENT: no such file or directory, open 'D:\Study\cordova\carryfly\www\package.json'
6 verbose stack     at Error (native)
7 verbose cwd D:\Study\cordova\carryfly\www
8 error Windows_NT 10.0.10240
9 error argv "D:\\Path\\nodejs\\node.exe" "C:\\Users\\FE\\AppData\\Roaming\\npm\\node_modules\\cnpm\\node_modules\\npm\\bin\\npm-cli.js" "--userconfig=C:\\Users\\FE\\.cnpmrc" "--disturl=https://npm.taobao.org/mirrors/node" "--cache=C:\\Users\\FE\\.cnpm" "--registry=https://registry.npm.taobao.org" "--node-gyp=C:\\Users\\FE\\AppData\\Roaming\\npm\\node_modules\\cnpm\\node_modules\\node-gyp\\bin\\node-gyp.js" "install"
10 error node v5.7.1
11 error npm  v2.14.22
12 error path D:\Study\cordova\carryfly\www\package.json
13 error code ENOPACKAGEJSON
14 error errno -4058
15 error syscall open
16 error package.json ENOENT: no such file or directory, open 'D:\Study\cordova\carryfly\www\package.json'
16 error package.json This is most likely not a problem with npm itself.
16 error package.json npm can't find a package.json file in your current directory.
17 verbose exit [ -4058, true ]
